JvmtiExport can_access_local_variables 0
JvmtiExport can_hotswap_or_post_breakpoint 0
JvmtiExport can_post_on_exceptions 0
# 460 ciObject found
ciMethod java/lang/Object <init> ()V 4097 1 300437 0 0
ciMethod java/lang/Object hashCode ()I 2049 1 256 0 -1
ciMethod java/lang/Object equals (Ljava/lang/Object;)Z 3193 1 12955 0 -1
ciMethod java/lang/Object clone ()Ljava/lang/Object; 2049 1 256 0 -1
ciMethod java/lang/String <init> ([CII)V 2049 1 5377 0 576
ciMethod java/lang/String <init> ([BIILjava/lang/String;)V 2049 1 1326 0 -1
ciMethod java/lang/String <init> ([CZ)V 2033 1 14328 0 0
ciMethod java/lang/String length ()I 4097 1 178127 0 64
ciMethod java/lang/String charAt (I)C 4097 1 962244 0 128
ciMethod java/lang/String codePointAt (I)I 137 1 6508 0 -1
ciMethod java/lang/String getChars ([CI)V 2073 1 6661 0 0
ciMethod java/lang/String equals (Ljava/lang/Object;)Z 2081 10425 2554 0 -1
ciMethod java/lang/String equalsIgnoreCase (Ljava/lang/String;)Z 3073 1 5535 0 1472
ciMethod java/lang/String regionMatches (ZILjava/lang/String;II)Z 2057 753 5475 0 0
ciMethod java/lang/String hashCode ()I 2753 32769 1479 0 288
ciMethod java/lang/String lastIndexOf (I)I 2121 1 24293 0 288
ciMethod java/lang/String lastIndexOf (II)I 1025 55401 929 0 320
ciMethod java/lang/String lastIndexOfSupplementary (II)I 0 0 1 0 -1
ciMethod java/lang/String substring (II)Ljava/lang/String; 2057 1 5492 0 864
ciMethod java/lang/String concat (Ljava/lang/String;)Ljava/lang/String; 2057 1 6661 0 864
ciMethod java/lang/String replace (CC)Ljava/lang/String; 1025 47481 830 0 1120
ciMethod java/lang/String toUpperCase (Ljava/util/Locale;)Ljava/lang/String; 657 15249 788 0 2784
ciMethod java/lang/ClassLoader defineClass (Ljava/lang/String;[BIILjava/security/ProtectionDomain;)Ljava/lang/Class; 2177 1 4833 0 -1
ciMethod java/lang/ClassLoader definePackage (Ljava/lang/String;Ljava/lang/String;Ljava/lang/String;Ljava/lang/String;Ljava/lang/String;Ljava/lang/String;Ljava/lang/String;Ljava/net/URL;)Ljava/lang/Package; 1009 1 585 0 0
ciMethod java/lang/ClassLoader getPackage (Ljava/lang/String;)Ljava/lang/Package; 2073 1 5400 0 4032
ciMethod java/lang/System nanoTime ()J 3073 1 384 0 -1
ciMethod java/lang/System arraycopy (Ljava/lang/Object;ILjava/lang/Object;II)V 7169 1 896 0 -1
ciMethod java/lang/Throwable addSuppressed (Ljava/lang/Throwable;)V 0 0 1 0 0
ciMethod java/security/SecureClassLoader defineClass (Ljava/lang/String;[BIILjava/security/CodeSource;)Ljava/lang/Class; 2177 1 4789 0 -1
ciMethod java/security/SecureClassLoader defineClass (Ljava/lang/String;Ljava/nio/ByteBuffer;Ljava/security/CodeSource;)Ljava/lang/Class; 0 0 1 0 -1
ciMethod java/security/SecureClassLoader getProtectionDomain (Ljava/security/CodeSource;)Ljava/security/ProtectionDomain; 2169 1 4813 0 -1
ciMethod java/lang/ref/Reference get ()Ljava/lang/Object; 2049 1 256 0 -1
ciMethod java/lang/ref/Reference <init> (Ljava/lang/Object;)V 2137 1 7546 0 0
ciMethod java/lang/ref/Reference <init> (Ljava/lang/Object;Ljava/lang/ref/ReferenceQueue;)V 2057 1 19092 0 96
ciMethod java/lang/ref/SoftReference <init> (Ljava/lang/Object;)V 2049 1 2671 0 0
ciMethod java/lang/ref/SoftReference get ()Ljava/lang/Object; 2049 1 13716 0 96
ciMethod java/lang/Thread currentThread ()Ljava/lang/Thread; 2049 1 256 0 -1
ciMethod java/lang/Thread interrupt ()V 0 0 1 0 -1
ciMethod java/lang/Thread interrupted ()Z 3097 1 6934 0 -1
ciMethod java/util/Map get (Ljava/lang/Object;)Ljava/lang/Object; 0 0 1 0 -1
ciMethod java/util/Map put (Ljava/lang/Object;Ljava/lang/Object;)Ljava/lang/Object; 0 0 1 0 -1
ciMethod java/util/Hashtable <init> (IF)V 2057 1 767 0 0
ciMethod java/util/Hashtable <init> (I)V 1537 1 192 0 0
ciMethod java/util/Hashtable <init> ()V 2049 1 575 0 0
ciMethod java/util/Dictionary <init> ()V 2057 1 767 0 0
ciMethod java/lang/StringBuilder <init> ()V 561 1 17879 0 -1
ciMethod java/lang/StringBuilder append (Ljava/lang/String;)Ljava/lang/StringBuilder; 1033 1 37916 0 -1
ciMethod java/lang/StringBuilder toString ()Ljava/lang/String; 569 1 20217 0 -1
ciMethod java/io/ByteArrayInputStream <init> ([B)V 193 1 194 0 0
ciMethod java/io/InputStream <init> ()V 2057 1 11750 0 0
ciMethod java/io/InputStream read ([BII)I 9 1545 1 0 -1
ciMethod java/io/InputStream close ()V 0 0 1 0 -1
ciMethod java/net/URLClassLoader getAndVerifyPackage (Ljava/lang/String;Ljava/util/jar/Manifest;Ljava/net/URL;)Ljava/lang/Package; 3073 1 4304 0 0
ciMethod java/net/URLClassLoader definePackageInternal (Ljava/lang/String;Ljava/util/jar/Manifest;Ljava/net/URL;)V 2169 1 4300 0 0
ciMethod java/net/URLClassLoader defineClass (Ljava/lang/String;Lsun/misc/Resource;)Ljava/lang/Class; 1145 1 4303 0 0
ciMethod java/net/URLClassLoader definePackage (Ljava/lang/String;Ljava/util/jar/Manifest;Ljava/net/URL;)Ljava/lang/Package; 1009 1 539 0 0
ciMethod java/net/URLClassLoader isSealed (Ljava/lang/String;Ljava/util/jar/Manifest;)Z 2049 1 3743 0 0
ciMethod java/net/URLClassLoader access$000 (Ljava/net/URLClassLoader;)Lsun/misc/URLClassPath; 1033 1 129 0 0
ciMethod java/net/URLClassLoader access$100 (Ljava/net/URLClassLoader;Ljava/lang/String;Lsun/misc/Resource;)Ljava/lang/Class; 1137 1 4303 0 0
ciMethod java/util/jar/Manifest <init> (Ljava/io/InputStream;)V 185 1 191 0 0
ciMethod java/util/jar/Manifest getMainAttributes ()Ljava/util/jar/Attributes; 1025 1 128 0 0
ciMethod java/util/jar/Manifest getEntries ()Ljava/util/Map; 1049 1 131 0 0
ciMethod java/util/jar/Manifest getAttributes (Ljava/lang/String;)Ljava/util/jar/Attributes; 2969 1 4387 0 0
ciMethod java/util/jar/Manifest read (Ljava/io/InputStream;)V 185 1 198 0 -1
ciMethod java/util/jar/Manifest parseName ([BI)Ljava/lang/String; 401 1 50 0 -1
ciMethod java/security/CodeSource <init> (Ljava/net/URL;[Ljava/security/CodeSigner;)V 2169 1 4786 0 -1
ciMethod java/lang/Character charCount (I)I 265 1 11577 0 -1
ciMethod java/lang/Character toChars (I[CI)I 0 0 1 0 -1
ciMethod java/lang/Character toChars (I)[C 0 0 1 0 -1
ciMethod java/lang/Character toLowerCase (C)C 2057 1 14610 0 0
ciMethod java/lang/Character toLowerCase (I)I 4097 1 103341 0 0
ciMethod java/lang/Character toUpperCase (C)C 1561 1 13467 0 192
ciMethod java/lang/Character toUpperCase (I)I 1561 1 13467 0 0
ciMethod java/lang/Character toUpperCaseEx (I)I 2393 1 27980 0 -1
ciMethod java/lang/Character toUpperCaseCharArray (I)[C 0 0 1 0 -1
ciMethod java/lang/Float isNaN (F)Z 2073 1 4306 0 0
ciMethod java/lang/Float floatToRawIntBits (F)I 9 1 1 0 -1
ciMethod java/util/Comparator compare (Ljava/lang/Object;Ljava/lang/Object;)I 0 0 1 0 -1
ciMethod java/util/List add (Ljava/lang/Object;)Z 0 0 1 0 -1
ciMethod java/util/AbstractList <init> ()V 2057 1 15402 0 32
ciMethod java/util/AbstractCollection <init> ()V 2217 1 22769 0 32
ciMethod java/lang/Math max (II)I 897 1 115306 0 -1
ciMethod java/lang/Math min (II)I 3513 1 75958 0 -1
ciMethod java/lang/Math min (FF)F 2049 1 844 0 0
ciMethod java/util/AbstractMap <init> ()V 1465 1 7658 0 32
ciMethod java/util/ArrayList <init> (I)V 2097 1 4166 0 -1
ciMethod java/util/ArrayList <init> ()V 1905 1 6858 0 64
ciMethod java/util/HashMap hash (Ljava/lang/Object;)I 2265 1 32049 0 160
ciMethod java/util/HashMap tableSizeFor (I)I 2065 1 2612 0 0
ciMethod java/util/HashMap <init> (IF)V 2057 1 2584 0 0
ciMethod java/util/HashMap <init> (I)V 1385 1 1240 0 0
ciMethod java/util/HashMap <init> ()V 945 1 3851 0 0
ciMethod java/util/HashMap get (Ljava/lang/Object;)Ljava/lang/Object; 3145 1 17828 0 704
ciMethod java/util/HashMap getNode (ILjava/lang/Object;)Ljava/util/HashMap$Node; 2057 1 5449 0 576
ciMethod java/util/HashMap put (Ljava/lang/Object;Ljava/lang/Object;)Ljava/lang/Object; 2153 1 5550 0 -1
ciMethod java/util/Arrays copyOf ([BI)[B 3089 1 19055 0 -1
ciMethod java/util/Arrays copyOf ([CI)[C 2049 1 18950 0 0
ciMethod java/util/Arrays copyOfRange ([CII)[C 2065 1 5424 0 512
ciMethod sun/misc/ASCIICaseInsensitiveComparator compare (Ljava/lang/String;Ljava/lang/String;)I 4097 6513 12802 0 864
ciMethod sun/misc/ASCIICaseInsensitiveComparator lowerCaseHashCode (Ljava/lang/String;)I 641 11129 1078 0 640
ciMethod sun/misc/ASCIICaseInsensitiveComparator isUpper (I)Z 4097 1 42745 0 -1
ciMethod sun/misc/ASCIICaseInsensitiveComparator toLower (I)I 4097 1 42745 0 64
ciMethod sun/misc/ASCIICaseInsensitiveComparator compare (Ljava/lang/Object;Ljava/lang/Object;)I 4097 1 13899 0 992
ciMethodData java/lang/String charAt (I)C 2 962452 orig 264 136 112 212 119 0 0 0 0 56 61 90 22 0 0 0 0 120 1 0 0 32 0 0 0 0 0 0 0 0 0 0 0 0 0 0 0 0 0 0 0 0 0 0 0 0 0 0 0 0 0 0 0 0 0 0 0 0 0 0 0 0 0 0 0 0 0 0 0 0 0 0 0 0 0 0 0 0 0 0 0 77 68 79 32 101 120 116 114 97 32 100 97 116 97 32 108 111 99 107 0 0 0 0 0 0 0 0 0 0 0 0 0 0 0 0 0 0 0 0 0 0 0 0 0 0 0 0 0 0 0 0 0 0 0 0 0 0 0 0 0 0 0 0 0 0 0 0 0 0 0 0 0 0 0 0 0 0 0 0 0 0 0 0 0 0 0 0 0 0 0 0 0 0 0 0 0 0 0 0 0 0 0 0 0 25 0 0 0 0 0 0 0 0 0 0 0 0 0 0 0 1 0 0 0 0 0 0 0 0 0 0 0 0 0 0 0 0 2 0 0 161 108 117 0 1 0 0 0 0 0 0 0 0 0 0 0 2 0 0 0 0 0 0 0 0 0 0 0 80 0 0 0 255 255 255 255 7 0 1 0 0 0 0 0 data 10 0x10007 0x0 0x40 0xead94 0xa0007 0xead94 0x30 0x0 0x120002 0x0 oops 0
ciMethodData java/lang/String length ()I 2 178127 orig 264 136 112 212 119 0 0 0 0 232 59 90 22 0 0 0 0 32 1 0 0 0 0 0 0 0 0 0 0 0 0 0 0 0 0 0 0 0 0 0 0 0 0 0 0 0 0 0 0 0 0 0 0 0 0 0 0 0 0 0 0 0 0 0 0 0 0 0 0 0 0 0 0 0 0 0 0 0 0 0 0 77 68 79 32 101 120 116 114 97 32 100 97 116 97 32 108 111 99 107 0 0 0 0 0 0 0 0 0 0 0 0 0 0 0 0 0 0 0 0 0 0 0 0 0 0 0 0 0 0 0 0 0 0 0 0 0 0 0 0 0 0 0 0 0 0 0 0 0 0 0 0 0 0 0 0 0 0 0 0 0 0 0 0 0 0 0 0 0 0 0 0 0 0 0 0 0 0 0 0 0 0 0 0 0 1 0 0 0 0 0 0 0 0 0 0 0 0 0 0 0 1 0 0 0 0 0 0 0 0 0 0 0 0 0 0 0 0 2 0 0 121 174 21 0 1 0 0 0 0 0 0 0 0 0 0 0 2 0 0 0 0 0 0 0 0 0 0 0 0 0 0 0 255 255 255 255 0 0 0 0 0 0 0 0 data 0 oops 0
ciMethodData sun/misc/ASCIICaseInsensitiveComparator toLower (I)I 2 42745 orig 264 136 112 212 119 0 0 0 0 248 195 108 22 0 0 0 0 144 1 0 0 0 0 0 0 0 0 0 0 0 0 0 0 0 0 0 0 0 0 0 0 0 0 0 0 0 0 0 0 0 0 0 0 0 0 0 0 0 0 0 0 0 0 0 0 0 0 0 0 0 0 0 0 0 0 0 0 0 0 0 0 77 68 79 32 101 120 116 114 97 32 100 97 116 97 32 108 111 99 107 0 0 0 0 0 0 0 0 0 0 0 0 0 0 0 0 0 0 0 0 0 0 0 0 0 0 0 0 0 0 0 0 0 0 0 0 0 0 0 0 0 0 0 0 0 0 0 0 0 0 0 0 0 0 0 0 0 0 0 0 0 0 0 0 0 0 0 0 0 0 0 0 0 0 0 0 0 0 0 0 0 0 0 0 0 25 0 0 0 0 0 0 0 0 0 0 0 0 0 0 0 0 0 0 0 0 0 0 0 0 0 0 0 0 0 0 0 0 2 0 0 201 39 5 0 1 0 0 0 0 0 0 0 0 0 0 0 2 0 0 0 0 0 0 0 0 0 0 0 72 0 0 0 255 255 255 255 2 0 1 0 0 0 0 0 data 9 0x10002 0xa4f9 0x40007 0x86ac 0x38 0x1e4d 0xb0003 0x1e4d 0x18 oops 0
ciMethodData sun/misc/ASCIICaseInsensitiveComparator compare (Ljava/lang/Object;Ljava/lang/Object;)I 2 13899 orig 264 136 112 212 119 0 0 0 0 56 197 108 22 0 0 0 0 232 1 0 0 0 0 0 0 0 0 0 0 0 0 0 0 0 0 0 0 0 0 0 0 0 0 0 0 0 0 0 0 0 0 0 0 0 0 0 0 0 0 0 0 0 0 0 0 0 0 0 0 0 0 0 0 0 0 0 0 0 0 0 0 77 68 79 32 101 120 116 114 97 32 100 97 116 97 32 108 111 99 107 0 0 0 0 0 0 0 0 0 0 0 0 0 0 0 0 0 0 0 0 0 0 0 0 0 0 0 0 0 0 0 0 0 0 0 0 0 0 0 0 0 0 0 0 0 0 0 0 0 0 0 0 0 0 0 0 0 0 0 0 0 0 0 0 0 0 0 0 0 0 0 0 0 0 0 0 0 0 0 0 0 0 0 0 0 0 0 0 0 0 0 0 0 0 0 0 0 0 0 0 0 0 0 0 0 0 0 0 0 0 0 0 0 0 0 0 0 0 2 0 0 89 162 1 0 1 0 0 0 0 0 0 0 0 0 0 0 2 0 0 0 0 0 0 0 0 0 0 0 144 0 0 0 255 255 255 255 4 0 2 0 0 0 0 0 data 18 0x20004 0x0 0x34da130 0x3002 0x0 0x0 0x60004 0x0 0x34da130 0x3002 0x0 0x0 0x90005 0x0 0x1acdae90 0x344b 0x0 0x0 oops 3